20:07:39:923 [11608] | INFO  | Initializing crosire's ReShade version '4.9.1.1002' (32-bit) built on '2021-01-09 21:10:30' loaded from "D:\Jogos\Freelancer\EXE\dxgi.dll" into "D:\Jogos\Freelancer\EXE\Freelancer.exe" ...
20:07:39:938 [11608] | INFO  | Registering hooks for "user32.dll" ...
20:07:39:938 [11608] | INFO  | > Libraries loaded.
20:07:39:938 [11608] | INFO  | > Found 14 match(es). Installing ...
20:07:39:951 [11608] | INFO  | Registering hooks for "ws2_32.dll" ...
20:07:39:951 [11608] | INFO  | > Libraries loaded.
20:07:39:951 [11608] | INFO  | > Found 8 match(es). Installing ...
20:07:39:964 [11608] | INFO  | Registering hooks for "C:\Windows\system32\d2d1.dll" ...
20:07:39:964 [11608] | INFO  | > Delayed.
20:07:39:964 [11608] | INFO  | Registering hooks for "C:\Windows\system32\d3d9.dll" ...
20:07:39:965 [11608] | INFO  | > Delayed.
20:07:39:965 [11608] | INFO  | Registering hooks for "C:\Windows\system32\d3d10.dll" ...
20:07:39:965 [11608] | INFO  | > Delayed.
20:07:39:965 [11608] | INFO  | Registering hooks for "C:\Windows\system32\d3d10_1.dll" ...
20:07:39:965 [11608] | INFO  | > Delayed.
20:07:39:965 [11608] | INFO  | Registering hooks for "C:\Windows\system32\d3d11.dll" ...
20:07:39:965 [11608] | INFO  | > Delayed.
20:07:39:965 [11608] | INFO  | Registering hooks for "C:\Windows\system32\d3d12.dll" ...
20:07:39:965 [11608] | INFO  | > Delayed.
20:07:39:966 [11608] | INFO  | Registering hooks for "C:\Windows\system32\dxgi.dll" ...
20:07:39:966 [11608] | INFO  | > Delayed until first call to an exported function.
20:07:39:966 [11608] | INFO  | Registering hooks for "C:\Windows\system32\opengl32.dll" ...
20:07:39:966 [11608] | INFO  | > Delayed.
20:07:39:966 [11608] | INFO  | Initialized.
20:07:40:258 [11608] | INFO  | Redirecting RegisterClassExA(lpWndClassEx = 0019C7AC { DGDRIVERROOT }) ...
20:07:40:258 [11608] | INFO  | > Adding 'CS_OWNDC' window class style flag to 'DGDRIVERROOT'.
20:07:40:261 [11608] | INFO  | Redirecting RegisterClassExA(lpWndClassEx = 0019C9A8 { DGDRIVERROOT }) ...
20:07:40:261 [11608] | INFO  | > Adding 'CS_OWNDC' window class style flag to 'DGDRIVERROOT'.
20:07:40:263 [11608] | INFO  | Installing delayed hooks for "C:\Windows\system32\d3d11.dll" (Just loaded via LoadLibrary("D3D11.DLL")) ...
20:07:40:263 [11608] | INFO  | > Found 2 match(es). Installing ...
20:07:40:283 [11608] | INFO  | Redirecting RegisterClassExA(lpWndClassEx = 0019C978 { DGD3D11ROOT }) ...
20:07:40:284 [11608] | INFO  | > Adding 'CS_OWNDC' window class style flag to 'DGD3D11ROOT'.
20:07:40:284 [11608] | INFO  | Redirecting CreateDXGIFactory1(riid = {770AAE78-F26F-4DBA-A829-253C83D1B387}, ppFactory = 049201B8) ...
20:07:40:284 [11608] | INFO  | Installing export hooks for "C:\Windows\system32\dxgi.dll" ...
20:07:40:285 [11608] | INFO  | > Found 5 match(es). Installing ...
20:07:40:286 [11608] | INFO  | Redirecting CreateDXGIFactory1(riid = {770AAE78-F26F-4DBA-A829-253C83D1B387}, ppFactory = 0019C9A4) ...
20:07:40:286 [11608] | INFO  | Redirecting D3D11CreateDevice(pAdapter = 04A88980, DriverType = 0, Software = 00000000, Flags = 0, pFeatureLevels = 038FEB9C, FeatureLevels = 2, SDKVersion = 7, ppDevice = 04920208, pFeatureLevel = 04920214, ppImmediateContext = 0492020C) ...
20:07:40:286 [11608] | INFO  | > Passing on to D3D11CreateDeviceAndSwapChain:
20:07:40:286 [11608] | INFO  | Redirecting D3D11CreateDeviceAndSwapChain(pAdapter = 04A88980, DriverType = 0, Software = 00000000, Flags = 0, pFeatureLevels = 038FEB9C, FeatureLevels = 2, SDKVersion = 7, pSwapChainDesc = 00000000, ppSwapChain = 00000000, ppDevice = 04920208, pFeatureLevel = 04920214, ppImmediateContext = 0492020C) ...
20:07:40:354 [07444] | WARN  | Ignoring LoadLibrary("api-ms-win-appmodel-runtime-l1-1-2") call to avoid possible deadlock.
20:07:40:354 [06812] | WARN  | Ignoring LoadLibrary("api-ms-win-appmodel-runtime-l1-1-2") call to avoid possible deadlock.
20:07:40:355 [01444] | WARN  | Ignoring LoadLibrary("api-ms-win-appmodel-runtime-l1-1-2") call to avoid possible deadlock.
20:07:40:376 [11608] | INFO  | > Using feature level 0xa100.
20:07:40:492 [11608] | INFO  | Redirecting IDXGIFactory::CreateSwapChain(this = 04A840B8, pDevice = 04B14A60, pDesc = 00188FDC, ppSwapChain = 04933418) ...
20:07:40:492 [11608] | INFO  | > Dumping swap chain description:
20:07:40:492 [11608] | INFO  |   +-----------------------------------------+-----------------------------------------+
20:07:40:492 [11608] | INFO  |   | Parameter                               | Value                                   |
20:07:40:492 [11608] | INFO  |   +-----------------------------------------+-----------------------------------------+
20:07:40:492 [11608] | INFO  |   | Width                                   | 1                                       |
20:07:40:493 [11608] | INFO  |   | Height                                  | 1                                       |
20:07:40:493 [11608] | INFO  |   | RefreshRate                             | 0                   1                   |
20:07:40:493 [11608] | INFO  |   | Format                                  | DXGI_FORMAT_R8G8B8A8_UNORM              |
20:07:40:493 [11608] | INFO  |   | ScanlineOrdering                        | 0                                       |
20:07:40:493 [11608] | INFO  |   | Scaling                                 | 0                                       |
20:07:40:493 [11608] | INFO  |   | SampleCount                             | 1                                       |
20:07:40:493 [11608] | INFO  |   | SampleQuality                           | 0                                       |
20:07:40:493 [11608] | INFO  |   | BufferUsage                             | 0x60                                    |
20:07:40:493 [11608] | INFO  |   | BufferCount                             | 2                                       |
20:07:40:493 [11608] | INFO  |   | OutputWindow                            | 000B0852                                |
20:07:40:493 [11608] | INFO  |   | Windowed                                | TRUE                                    |
20:07:40:493 [11608] | INFO  |   | SwapEffect                              | 0                                       |
20:07:40:493 [11608] | INFO  |   | Flags                                   | 0x2                                     |
20:07:40:493 [11608] | INFO  |   +-----------------------------------------+-----------------------------------------+
20:07:40:590 [11608] | INFO  | Running on NVIDIA GeForce RTX 2060
20:07:40:591 [11608] | INFO  | Recreated runtime environment on runtime 0DC8ED10.
20:07:40:592 [11608] | INFO  | Redirecting IDXGISwapChain::SetFullscreenState(this = 0DBBC868, Fullscreen = FALSE, pTarget = 00000000) ...
20:07:40:592 [11608] | INFO  | Destroyed runtime environment on runtime 0DC8ED10.
20:07:40:593 [11608] | INFO  | Redirecting IDXGIFactory::CreateSwapChain(this = 04A840B8, pDevice = 04B14A60, pDesc = 00188FEC, ppSwapChain = 04933418) ...
20:07:40:593 [11608] | INFO  | > Dumping swap chain description:
20:07:40:593 [11608] | INFO  |   +-----------------------------------------+-----------------------------------------+
20:07:40:593 [11608] | INFO  |   | Parameter                               | Value                                   |
20:07:40:593 [11608] | INFO  |   +-----------------------------------------+-----------------------------------------+
20:07:40:593 [11608] | INFO  |   | Width                                   | 1920                                    |
20:07:40:593 [11608] | INFO  |   | Height                                  | 1080                                    |
20:07:40:593 [11608] | INFO  |   | RefreshRate                             | 165                 1                   |
20:07:40:593 [11608] | INFO  |   | Format                                  | DXGI_FORMAT_R8G8B8A8_UNORM              |
20:07:40:593 [11608] | INFO  |   | ScanlineOrdering                        | 0                                       |
20:07:40:593 [11608] | INFO  |   | Scaling                                 | 0                                       |
20:07:40:593 [11608] | INFO  |   | SampleCount                             | 1                                       |
20:07:40:593 [11608] | INFO  |   | SampleQuality                           | 0                                       |
20:07:40:593 [11608] | INFO  |   | BufferUsage                             | 0x60                                    |
20:07:40:594 [11608] | INFO  |   | BufferCount                             | 2                                       |
20:07:40:594 [11608] | INFO  |   | OutputWindow                            | 000B0852                                |
20:07:40:594 [11608] | INFO  |   | Windowed                                | TRUE                                    |
20:07:40:594 [11608] | INFO  |   | SwapEffect                              | 0                                       |
20:07:40:594 [11608] | INFO  |   | Flags                                   | 0x2                                     |
20:07:40:594 [11608] | INFO  |   +-----------------------------------------+-----------------------------------------+
20:07:40:641 [11608] | INFO  | Running on NVIDIA GeForce RTX 2060
20:07:40:642 [11608] | INFO  | Recreated runtime environment on runtime 0DAEC3E0.
20:07:40:642 [11608] | INFO  | Redirecting IDXGISwapChain::SetFullscreenState(this = 04B88D78, Fullscreen = FALSE, pTarget = 00000000) ...
20:07:40:643 [11608] | INFO  | Redirecting IDXGISwapChain::SetFullscreenState(this = 04B88D78, Fullscreen = TRUE, pTarget = 055A1808) ...
20:07:40:853 [08308] | INFO  | Successfully loaded "D:\Jogos\Freelancer\EXE\reshade-shaders\Shaders\FakeHDR.fx".
20:07:40:853 [07816] | INFO  | Successfully loaded "D:\Jogos\Freelancer\EXE\reshade-shaders\Shaders\Colourfulness.fx".
20:07:40:854 [06932] | INFO  | Successfully loaded "D:\Jogos\Freelancer\EXE\reshade-shaders\Shaders\MagicBloom.fx".
20:07:40:922 [11608] | INFO  | Loading image files for textures ...
20:08:31:303 [11608] | INFO  | Redirecting IDXGISwapChain::SetFullscreenState(this = 04B88D78, Fullscreen = FALSE, pTarget = 00000000) ...
20:08:31:428 [11608] | INFO  | Redirecting IDXGISwapChain::SetFullscreenState(this = 04B88D78, Fullscreen = FALSE, pTarget = 00000000) ...
20:08:31:446 [11608] | INFO  | Redirecting IDXGISwapChain::SetFullscreenState(this = 04B88D78, Fullscreen = FALSE, pTarget = 00000000) ...
20:08:31:447 [11608] | INFO  | Destroyed runtime environment on runtime 0DAEC3E0.
20:08:31:523 [11608] | INFO  | Exiting ...
20:08:31:523 [11608] | INFO  | Uninstalling 37 hook(s) ...
20:08:32:597 [11608] | INFO  | Finished exiting.
